69
92
72
6
86
22
48
90
36
2
15
4
56
94
88
49
54
63
55
47
80
34
96
18
44
38
60
24
83
68
59
11
13
37
87
33
85
95
79
1
17
51
5
64
21
32
29
50
3
39
41
19
45
65
76
23
77
14
73
26
67
31
20
40
25
66
84
61
52
16
8
7
46
43
70
81
35
62
75
71
97
91
28
53
78
30
10
57
74
9
27
82
42
58
12
89
93
56
90
36
74
76
51
45
63
68
34
94
86
87
59
83
17
20
21
64
33
1
37
18
47
50
39
54
41
19
3
65
23
79
11
24
73
14
26
85
29
5
32
77
60
67
96
95
25
13
44
55
66
80
61
52
38
8
4
7
46
49
88
2
91
40
31
69
6
84
15
16
48
43
42
57
9
70
81
35
62
75
71
97
27
28
82
58
93
12
89
22
72
92
53
78
