200
125
61
49
183
109
79
50
51
29
106
17
2
113
176
198
133
56
83
24
81
75
41
155
5
95
114
20
105
185
28
196
38
156
40
173
11
179
128
171
124
102
35
80
42
119
62
178
122
129
90
130
123
153
100
94
55
22
10
66
149
7
165
15
180
1
85
58
82
73
111
52
141
112
44
182
26
99
9
48
190
193
13
96
126
43
16
148
45
188
64
161
131
86
87
101
69
121
168
159
72
158
93
152
74
154
110
140
60
138
166
117
115
197
151
136
65
108
150
167
177
132
89
169
97
142
92
157
145
8
18
36
6
57
63
53
70
181
118
116
162
186
187
163
164
143
147
98
84
76
39
32
31
59
4
30
27
25
14
184
194
191
3
12
19
21
23
34
33
37
47
68
189
195
192
46
54
67
71
77
78
88
91
103
104
107
120
127
134
135
137
139
144
146
160
170
172
174
175
199
